<?xml version="1.0" encoding="UTF-8"?>
<testng-results ignored="0" total="1" passed="1" failed="0" skipped="0">
  <reporter-output>
  </reporter-output>
  <suite started-at="2024-10-05T00:53:23 IST" name="Suite" finished-at="2024-10-05T00:53:49 IST" duration-ms="25657">
    <groups>
    </groups>
    <test started-at="2024-10-05T00:53:23 IST" name="Test" finished-at="2024-10-05T00:53:49 IST" duration-ms="25657">
      <class name="TestCases.QAlegentNewTestCases">
        <test-method is-config="true" signature="initilization(java.lang.String)[pri:0, instance:TestCases.QAlegentNewTestCases@5082d622]" started-at="2024-10-05T00:53:24 IST" name="initilization" finished-at="2024-10-05T00:53:35 IST" duration-ms="11497" status="PASS">
          <params>
            <param index="0">
              <value>
                <![CDATA[Chrome]]>
              </value>
            </param>
          </params>
          <reporter-output>
          </reporter-output>
        </test-method> <!-- initilization -->
        <test-method signature="verifyIfUserCanDeleteUser()[pri:0, instance:TestCases.QAlegentNewTestCases@5082d622]" started-at="2024-10-05T00:53:35 IST" name="verifyIfUserCanDeleteUser" finished-at="2024-10-05T00:53:49 IST" duration-ms="14060" status="PASS">
          <reporter-output>
          </reporter-output>
        </test-method> <!-- verifyIfUserCanDeleteUser -->
      </class> <!-- TestCases.QAlegentNewTestCases -->
    </test> <!-- Test -->
  </suite> <!-- Suite -->
</testng-results>
