<?xml version="1.0" encoding="UTF-8"?>
<!-- Generated by org.testng.reporters.JUnitXMLReporter -->
<testsuite ignored="8" hostname="DESKTOP-LOTSCU6" failures="0" tests="1" name="Test" time="25.657" errors="0" timestamp="2024-10-05T00:53:50 IST">
  <testcase classname="TestCases.QAlegentNewTestCases" name="verifyIfUserCanDeleteUser" time="14.06"/>
  <testcase classname="TestCases.QAlegentNewTestCases" name="verifyIfUserCanDeleteBrands" time="0.0">
    <ignored/>
  </testcase> <!-- verifyIfUserCanDeleteBrands -->
  <testcase classname="TestCases.QAlegentNewTestCases" name="verifyIfUserCanAddTheVariations" time="0.0">
    <ignored/>
  </testcase> <!-- verifyIfUserCanAddTheVariations -->
  <testcase classname="TestCases.QAlegentNewTestCases" name="verifyIfUserCanDeleteRole" time="0.0">
    <ignored/>
  </testcase> <!-- verifyIfUserCanDeleteRole -->
  <testcase classname="TestCases.QAlegentNewTestCases" name="verifyIfUserCanViewTheCutomerDetails" time="0.0">
    <ignored/>
  </testcase> <!-- verifyIfUserCanViewTheCutomerDetails -->
  <testcase classname="TestCases.QAlegentNewTestCases" name="verifyIfUserCanAddSellingPrice" time="0.0">
    <ignored/>
  </testcase> <!-- verifyIfUserCanAddSellingPrice -->
  <testcase classname="TestCases.QAlegentNewTestCases" name="verifyIfUserCanAddRole" time="0.0">
    <ignored/>
  </testcase> <!-- verifyIfUserCanAddRole -->
  <testcase classname="TestCases.QAlegentNewTestCases" name="verifyIfUserCanaddBrands" time="0.0">
    <ignored/>
  </testcase> <!-- verifyIfUserCanaddBrands -->
  <testcase classname="TestCases.QAlegentNewTestCases" name="verifyIfUserCanEditRole" time="0.0">
    <ignored/>
  </testcase> <!-- verifyIfUserCanEditRole -->
</testsuite> <!-- Test -->
